<?xml version="1.0" encoding="UTF-8"?>
<!-- Generated by org.testng.reporters.JUnitReportReporter -->
<testsuite hostname="LAPTOP-A5HHE1BP" failures="0" tests="1" name="demo.Amazon" time="18.382" errors="0" timestamp="2023-07-25T13:08:16 IST" skipped="0">
  <testcase classname="demo.Amazon" name="AmazonTest" time="18.382"/>
</testsuite> <!-- demo.Amazon -->
