<?xml version="1.0" encoding="UTF-8"?>
<!-- Generated by org.testng.reporters.JUnitReportReporter -->
<testsuite hostname="LAPTOP-A5HHE1BP" failures="0" tests="1" name="demo.filpkart" time="24.954" errors="0" timestamp="2023-07-22T12:38:10 IST" skipped="0">
  <testcase classname="demo.filpkart" name="filpkartTest" time="24.954"/>
</testsuite> <!-- demo.filpkart -->
